<?xml version="1.0" encoding="UTF-8"?>
<Site BuildName="Linux-x86_64-linux-gnu-g++-9"
	BuildStamp="20210113-0214-Experimental"
	Name="natalia-HP-Laptop-15-bs0xx"
	Generator="ctest-3.16.3"
	CompilerName="/bin/x86_64-linux-gnu-g++-9"
	CompilerVersion="9.3.0"
	OSName="Linux"
	Hostname="natalia-HP-Laptop-15-bs0xx"
	OSRelease="5.8.0-36-generic"
	OSVersion="#40~20.04.1-Ubuntu SMP Wed Jan 6 10:15:55 UTC 2021"
	OSPlatform="x86_64"
	Is64Bits="1"
	VendorString="GenuineIntel"
	VendorID="Intel Corporation"
	FamilyID="6"
	ModelID="142"
	ProcessorCacheSize="4096"
	NumberOfLogicalCPU="4"
	NumberOfPhysicalCPU="2"
	TotalVirtualMemory="924"
	TotalPhysicalMemory="11898"
	LogicalProcessorsPerPhysical="2"
	ProcessorClockFrequency="3400.02"
	>
	<Testing>
		<StartDateTime>Jan 13 02:14 GMT</StartDateTime>
		<StartTestTime>1610504072</StartTestTime>
		<TestList/>
		<EndDateTime>Jan 13 02:14 GMT</EndDateTime>
		<EndTestTime>1610504072</EndTestTime>
		<ElapsedMinutes>0</ElapsedMinutes>
	</Testing>
</Site>
